<?xml version="1.0" encoding="UTF-8"?>
<!-- Generated by org.testng.reporters.JUnitXMLReporter -->
<testsuite hostname="XBX-BRALEE-01" ignored="0" name="Default test" tests="9" failures="0" timestamp="07 Sep 2017 21:40:46 GMT" time="0.044" errors="0">
  <testcase name="testEmptyNetwork" time="0.005" classname="assignment1.TestNGDijkstraAlgorithm"/>
  <testcase name="testOneNetworkSrcNull" time="0.001" classname="assignment1.TestNGDijkstraAlgorithm"/>
  <testcase name="testOneNetworkDestNull" time="0.001" classname="assignment1.TestNGDijkstraAlgorithm"/>
  <testcase name="testOneNetwork" time="0.001" classname="assignment1.TestNGDijkstraAlgorithm"/>
  <testcase name="testTwoNetwork" time="0.002" classname="assignment1.TestNGDijkstraAlgorithm"/>
  <testcase name="testSmallNetwork" time="0.001" classname="assignment1.TestNGDijkstraAlgorithm"/>
  <testcase name="testSmallDiscNetwork" time="0.001" classname="assignment1.TestNGDijkstraAlgorithm"/>
  <testcase name="testSmallMultiLinkNetwork" time="0.001" classname="assignment1.TestNGDijkstraAlgorithm"/>
  <testcase name="testCrowdedNetwork" time="0.001" classname="assignment1.TestNGDijkstraAlgorithm"/>
</testsuite> <!-- Default test -->
