<?xml version="1.0" encoding="UTF-8"?>
<!-- Generated by org.testng.reporters.JUnitReportReporter -->
<testsuite skipped="0" hostname="DESKTOP-509CP70" name="assignment1.TestNGDijkstraAlgorithm" tests="8" failures="0" timestamp="07 9월 2017 11:35:31 GMT" time="0.037" errors="0">
  <testcase name="testEmptyNetwork" time="0.015" classname="assignment1.TestNGDijkstraAlgorithm"/>
  <testcase name="testOneNetworkSrcNull" time="0.004" classname="assignment1.TestNGDijkstraAlgorithm"/>
  <testcase name="testOneNetworkDestNull" time="0.003" classname="assignment1.TestNGDijkstraAlgorithm"/>
  <testcase name="testOneNetwork" time="0.003" classname="assignment1.TestNGDijkstraAlgorithm"/>
  <testcase name="testTwoNetwork" time="0.004" classname="assignment1.TestNGDijkstraAlgorithm"/>
  <testcase name="testSmallNetwork" time="0.002" classname="assignment1.TestNGDijkstraAlgorithm"/>
  <testcase name="testSmallDiscNetwork" time="0.001" classname="assignment1.TestNGDijkstraAlgorithm"/>
  <testcase name="testSmallMultiLinkNetwork" time="0.005" classname="assignment1.TestNGDijkstraAlgorithm"/>
</testsuite> <!-- assignment1.TestNGDijkstraAlgorithm -->
